\BOOKMARK [1][-]{section.1}{La Ecuaci\363n de Clase}{}% 1
\BOOKMARK [1][-]{section.2}{Los teoremas de Sylow}{}% 2
\BOOKMARK [1][-]{section.3}{Sea Sn el grupo sim\351trico de n-letras. \040Demuestre que An Sn}{}% 3
\BOOKMARK [1][-]{section.4}{Operaciones b\341sicas con matrices}{}% 4
\BOOKMARK [2][-]{subsection.4.1}{Suma de matrices}{section.4}% 5
\BOOKMARK [2][-]{subsection.4.2}{Producto de un n\372mero real por una matriz}{section.4}% 6
\BOOKMARK [2][-]{subsection.4.3}{Producto de matrices}{section.4}% 7
\BOOKMARK [1][-]{section.5}{tabla de distribuci\363n normal}{}% 8
\BOOKMARK [1][-]{section.6}{Tabla de probabilidades puntuales de la distribuci\363n Binomial \(n,p\)}{}% 9
\BOOKMARK [1][-]{section.7}{diagramas conmutativos}{}% 10
\BOOKMARK [1][-]{section.8}{cajas}{}% 11
\BOOKMARK [1][-]{section.9}{MATEM\301TICAS ACTUARIALES}{}% 12
\BOOKMARK [2][-]{subsection.9.1}{tabla de mortalidad}{section.9}% 13
\BOOKMARK [2][-]{subsection.9.2}{Anualidades contingentes}{section.9}% 14
\BOOKMARK [1][-]{section.10}{Ejercicio 39 de la secci\363n 1.6 Blanchard}{}% 15
\BOOKMARK [1][-]{section.11}{Ejercicio 25 de la secci\363n 1.9 Blanchard}{}% 16
\BOOKMARK [2][-]{subsection.11.1}{Homogenea}{section.11}% 17
\BOOKMARK [2][-]{subsection.11.2}{Particular}{section.11}% 18
\BOOKMARK [1][-]{section.12}{Ejercicio sobre la ecuaci\363n de Bessel}{}% 19
\BOOKMARK [1][-]{section.13}{Grupos simples finito y campos finitos}{}% 20
\BOOKMARK [1][-]{section.14}{Los grupos de Mathieu}{}% 21
\BOOKMARK [1][-]{section.15}{Grupos continuos}{}% 22
